
> dev
> next dev

ready - started server on 0.0.0.0:3000, url: http://localhost:3000
event - compiled client and server successfully in 438 ms (110 modules)
wait  - compiling / (client and server)...
event - compiled client and server successfully in 199 ms (158 modules)
wait  - compiling /_error (client and server)...
event - compiled client and server successfully in 81 ms (159 modules)
wait  - compiling...
event - compiled client and server successfully in 134 ms (111 modules)
wait  - compiling...
event - compiled client and server successfully in 70 ms (111 modules)
wait  - compiling...
error - ./pages/_app.js:1:0
Module not found: Can't resolve '../styles/global.css'
[0m[31m[1m>[22m[39m[90m 1 | [39m[36mimport[39m [32m'../styles/global.css'[39m[0m
[0m [90m 2 | [39m[0m
[0m [90m 3 | [39m[36mexport[39m [36mdefault[39m [36mfunction[39m [33mApp[39m({ [33mComponent[39m[33m,[39m pageProps }) {[0m
[0m [90m 4 | [39m	[36mreturn[39m [33m<[39m[33mComponent[39m {[33m...[39mpageProps} [33m/[39m[33m>[39m[0m

https://nextjs.org/docs/messages/module-not-found
wait  - compiling...
error - ./pages/_app.js:1:0
Module not found: Can't resolve '../styles/global.css'
[0m[31m[1m>[22m[39m[90m 1 | [39m[36mimport[39m [32m'../styles/global.css'[39m[0m
[0m [90m 2 | [39m[0m
[0m [90m 3 | [39m[36mexport[39m [36mdefault[39m [36mfunction[39m [33mApp[39m({ [33mComponent[39m[33m,[39m pageProps }) {[0m
[0m [90m 4 | [39m	[36mreturn[39m [33m<[39m[33mComponent[39m {[33m...[39mpageProps} [33m/[39m[33m>[39m[0m

https://nextjs.org/docs/messages/module-not-found
wait  - compiling...
event - compiled client and server successfully in 50s (126 modules)
wait  - compiling...
event - compiled client and server successfully in 96 ms (126 modules)
wait  - compiling...
event - compiled client and server successfully in 70 ms (126 modules)
wait  - compiling / (client and server)...
event - compiled client and server successfully in 837 ms (171 modules)
wait  - compiling...
event - compiled client and server successfully in 144 ms (129 modules)
wait  - compiling...
event - compiled client and server successfully in 64 ms (129 modules)
wait  - compiling...
event - compiled client and server successfully in 124 ms (171 modules)
wait  - compiling...
event - compiled client and server successfully in 89 ms (171 modules)
wait  - compiling...
event - compiled client and server successfully in 257 ms (126 modules)
wait  - compiling / (client and server)...
event - compiled client and server successfully in 66 ms (171 modules)
<w> [webpack.cache.PackFileCacheStrategy] Caching failed for pack: Error: ENOENT: no such file or directory, rename '/opt/case/www/wuchtop/.next/cache/webpack/client-development-fallback/1.pack_' -> '/opt/case/www/wuchtop/.next/cache/webpack/client-development-fallback/1.pack'

> start
> next start

ready - started server on 0.0.0.0:3000, url: http://localhost:3000
Warning: For production Image Optimization with Next.js, the optional 'sharp' package is strongly recommended. Run 'yarn add sharp', and Next.js will use it automatically for Image Optimization.
Read more: https://nextjs.org/docs/messages/sharp-missing-in-production
